<?xml version="1.0" encoding="UTF-8"?>
<!-- Generated by org.testng.reporters.JUnitXMLReporter -->
<testsuite hostname="Naveen" ignored="0" name="IE" tests="11" failures="1" timestamp="12 Apr 2018 04:57:58 GMT" time="76.175" errors="0">
  <testcase name="OpenKempTechHomePage" time="18.185" classname="com.kemp.technologies.IE.Scenario1">
    <failure type="org.openqa.selenium.NoSuchElementException" message="Unable to find element with xpath == //a[@href=&amp;apos;http://life.kemptechnologies.com/&amp;apos;][contains(text(),&amp;apos;JOBS AT KEMP&amp;apos;)]
For documentation on this error, please visit: http://seleniumhq.org/exceptions/no_such_element.html
Build info: version: &amp;apos;3.9.1&amp;apos;, revision: &amp;apos;63f7b50&amp;apos;, time: &amp;apos;2018-02-07T22:42:22.379Z&amp;apos;
System info: host: &amp;apos;NAVEEN&amp;apos;, ip: &amp;apos;192.168.99.1&amp;apos;, os.name: &amp;apos;Windows 8.1&amp;apos;, os.arch: &amp;apos;amd64&amp;apos;, os.version: &amp;apos;6.3&amp;apos;, java.version: &amp;apos;1.8.0&amp;apos;
Driver info: org.openqa.selenium.ie.InternetExplorerDriver
Capabilities {acceptInsecureCerts: false, browserName: internet explorer, browserVersion: 11, javascriptEnabled: true, pageLoadStrategy: normal, platform: WINDOWS, platformName: WINDOWS, proxy: Proxy(), se:ieOptions: {browserAttachTimeout: 0, elementScrollBehavior: 0, enablePersistentHover: true, ie.browserCommandLineSwitches: , ie.ensureCleanSession: false, ie.fileUploadDialogTimeout: 3000, ie.forceCreateProcessApi: false, ignoreProtectedModeSettings: false, ignoreZoomSetting: false, initialBrowserUrl: http://localhost:18098/, nativeEvents: true, requireWindowFocus: false}, setWindowRect: true, timeouts: {implicit: 0, pageLoad: 300000, script: 30000}}
Session ID: 5c5f438e-8833-44d0-bbf7-098acd2427e6
*** Element info: {Using=xpath, value=//a[@href=&amp;apos;http://life.kemptechnologies.com/&amp;apos;][contains(text(),&amp;apos;JOBS AT KEMP&amp;apos;)]}">
      <![CDATA[org.openqa.selenium.NoSuchElementException: Unable to find element with xpath == //a[@href='http://life.kemptechnologies.com/'][contains(text(),'JOBS AT KEMP')]
For documentation on this error, please visit: http://seleniumhq.org/exceptions/no_such_element.html
Build info: version: '3.9.1', revision: '63f7b50', time: '2018-02-07T22:42:22.379Z'
System info: host: 'NAVEEN', ip: '192.168.99.1', os.name: 'Windows 8.1', os.arch: 'amd64', os.version: '6.3', java.version: '1.8.0'
Driver info: org.openqa.selenium.ie.InternetExplorerDriver
Capabilities {acceptInsecureCerts: false, browserName: internet explorer, browserVersion: 11, javascriptEnabled: true, pageLoadStrategy: normal, platform: WINDOWS, platformName: WINDOWS, proxy: Proxy(), se:ieOptions: {browserAttachTimeout: 0, elementScrollBehavior: 0, enablePersistentHover: true, ie.browserCommandLineSwitches: , ie.ensureCleanSession: false, ie.fileUploadDialogTimeout: 3000, ie.forceCreateProcessApi: false, ignoreProtectedModeSettings: false, ignoreZoomSetting: false, initialBrowserUrl: http://localhost:18098/, nativeEvents: true, requireWindowFocus: false}, setWindowRect: true, timeouts: {implicit: 0, pageLoad: 300000, script: 30000}}
Session ID: 5c5f438e-8833-44d0-bbf7-098acd2427e6
*** Element info: {Using=xpath, value=//a[@href='http://life.kemptechnologies.com/'][contains(text(),'JOBS AT KEMP')]}
at org.openqa.selenium.remote.http.W3CHttpResponseCodec.createException(W3CHttpResponseCodec.java:187)
at org.openqa.selenium.remote.http.W3CHttpResponseCodec.decode(W3CHttpResponseCodec.java:122)
at org.openqa.selenium.remote.http.W3CHttpResponseCodec.decode(W3CHttpResponseCodec.java:49)
at org.openqa.selenium.remote.HttpCommandExecutor.execute(HttpCommandExecutor.java:160)
at org.openqa.selenium.remote.service.DriverCommandExecutor.execute(DriverCommandExecutor.java:83)
at org.openqa.selenium.remote.RemoteWebDriver.execute(RemoteWebDriver.java:601)
at org.openqa.selenium.remote.RemoteWebDriver.findElement(RemoteWebDriver.java:371)
at org.openqa.selenium.remote.RemoteWebDriver.findElementByXPath(RemoteWebDriver.java:473)
at org.openqa.selenium.By$ByXPath.findElement(By.java:361)
at org.openqa.selenium.remote.RemoteWebDriver.findElement(RemoteWebDriver.java:363)
at com.kemp.technologies.IE.Scenario1.OpenKempTechHomePage(Scenario1.java:50)
... Removed 29 stack frames]]>
    </failure>
  </testcase> <!-- OpenKempTechHomePage -->
  <testcase name="scenario1" time="5.768" classname="com.kemp.technologies.IE.Scenario1"/>
  <testcase name="Scenario2" time="1.672" classname="com.kemp.technologies.IE.Scenario1"/>
  <testcase name="Scenario3" time="0.539" classname="com.kemp.technologies.IE.Scenario1"/>
  <testcase name="Scenario4" time="6.689" classname="com.kemp.technologies.IE.Scenario1"/>
  <testcase name="Scenario5" time="4.635" classname="com.kemp.technologies.IE.Scenario1"/>
  <testcase name="Scenario6" time="5.563" classname="com.kemp.technologies.IE.Scenario1"/>
  <testcase name="Scenario7" time="1.512" classname="com.kemp.technologies.IE.Scenario1"/>
  <testcase name="Scenario8" time="5.448" classname="com.kemp.technologies.IE.Scenario1"/>
  <testcase name="Scenario9" time="10.048" classname="com.kemp.technologies.IE.Scenario1"/>
  <testcase name="Scenario10" time="10.721" classname="com.kemp.technologies.IE.Scenario1"/>
</testsuite> <!-- IE -->
